{
  "RSpec": {
    "coverage": {
      "/home/rishav/user_profile/user/app/models/user_profile.rb": {
        "lines": [
          1,
          null,
          null,
          1,
          null,
          null,
          1,
          1,
          1,
          1,
          1,
          null,
          1,
          16,
          null,
          null,
          null,
          null,
          null,
          null,
          16,
          16,
          64,
          null,
          null,
          null,
          null
        ]
      },
      "/home/rishav/user_profile/user/app/models/application_record.rb": {
        "lines": [
          1,
          1,
          null
        ]
      },
      "/home/rishav/user_profile/user/app/helpers/application_helper.rb": {
        "lines": [
          1,
          null
        ]
      },
      "/home/rishav/user_profile/user/app/controllers/home_controller.rb": {
        "lines": [
          1,
          1,
          1,
          null,
          null
        ]
      },
      "/home/rishav/user_profile/user/app/controllers/application_controller.rb": {
        "lines": [
          1,
          1,
          null,
          1,
          1,
          null,
          1,
          null,
          1,
          null,
          0,
          null,
          0,
          null,
          0,
          null,
          null,
          null
        ]
      },
      "/home/rishav/user_profile/user/app/channels/application_cable/channel.rb": {
        "lines": [
          0,
          0,
          0,
          0
        ],
        "branches": {
        }
      },
      "/home/rishav/user_profile/user/app/channels/application_cable/connection.rb": {
        "lines": [
          0,
          0,
          0,
          0
        ],
        "branches": {
        }
      },
      "/home/rishav/user_profile/user/app/jobs/application_job.rb": {
        "lines": [
          0,
          null,
          null,
          null,
          null,
          null,
          0
        ],
        "branches": {
        }
      },
      "/home/rishav/user_profile/user/app/mailers/application_mailer.rb": {
        "lines": [
          0,
          0,
          0,
          0
        ],
        "branches": {
        }
      }
    },
    "timestamp": 1631809479
  }
}
